
10월 17, 2025 15:45:46.67 NEW SESSION
10월 17, 2025 15:45:46.69 Created TensorFlow Lite XNNPACK delegate for CPU.
10월 17, 2025 15:45:46.96 [15980:7180:1017/154546.964:ERROR:google_apis\gcm\engine\registration_request.cc:291] Registration response error message: QUOTA_EXCEEDED
10월 17, 2025 15:45:57.50 Created TensorFlow Lite XNNPACK delegate for CPU.
10월 17, 2025 15:45:57.71 [13168:6860:1017/154557.717:ERROR:google_apis\gcm\engine\registration_request.cc:291] Registration response error message: QUOTA_EXCEEDED
10월 17, 2025 15:46:04.23 Created TensorFlow Lite XNNPACK delegate for CPU.
10월 17, 2025 15:46:04.50 [15484:9940:1017/154604.504:ERROR:google_apis\gcm\engine\registration_request.cc:291] Registration response error message: DEPRECATED_ENDPOINT
10월 17, 2025 15:46:31.75 [15484:9940:1017/154631.752:ERROR:google_apis\gcm\engine\registration_request.cc:291] Registration response error message: DEPRECATED_ENDPOINT
10월 17, 2025 15:46:49.44 [15484:9940:1017/154649.440:ERROR:google_apis\gcm\engine\connection_factory_impl.cc:483] ConnectionHandler failed with net error: -2
10월 17, 2025 15:47:14.35 Created TensorFlow Lite XNNPACK delegate for CPU.
10월 17, 2025 15:47:14.55 [5528:2608:1017/154714.558:ERROR:google_apis\gcm\engine\registration_request.cc:291] Registration response error message: DEPRECATED_ENDPOINT
10월 17, 2025 15:47:25.30 Created TensorFlow Lite XNNPACK delegate for CPU.
10월 17, 2025 15:47:25.49 [2144:6016:1017/154725.492:ERROR:google_apis\gcm\engine\registration_request.cc:291] Registration response error message: QUOTA_EXCEEDED
10월 17, 2025 15:48:47.20 Created TensorFlow Lite XNNPACK delegate for CPU.
10월 17, 2025 15:49:50.85 Created TensorFlow Lite XNNPACK delegate for CPU.
10월 17, 2025 15:49:51.12 [5816:15428:1017/154951.123:ERROR:google_apis\gcm\engine\registration_request.cc:291] Registration response error message: DEPRECATED_ENDPOINT
10월 17, 2025 15:51:22.97 Created TensorFlow Lite XNNPACK delegate for CPU.
10월 17, 2025 15:51:23.24 [15312:316:1017/155123.248:ERROR:google_apis\gcm\engine\registration_request.cc:291] Registration response error message: QUOTA_EXCEEDED
10월 17, 2025 15:52:32.32 Created TensorFlow Lite XNNPACK delegate for CPU.
10월 17, 2025 15:52:32.53 [1088:7432:1017/155232.533:ERROR:google_apis\gcm\engine\registration_request.cc:291] Registration response error message: QUOTA_EXCEEDED
10월 17, 2025 15:53:01.98 Created TensorFlow Lite XNNPACK delegate for CPU.
10월 17, 2025 15:53:02.25 [16156:4788:1017/155302.259:ERROR:google_apis\gcm\engine\registration_request.cc:291] Registration response error message: QUOTA_EXCEEDED
10월 17, 2025 15:54:06.04 Created TensorFlow Lite XNNPACK delegate for CPU.
10월 17, 2025 15:54:06.24 [4248:15040:1017/155406.245:ERROR:google_apis\gcm\engine\registration_request.cc:291] Registration response error message: DEPRECATED_ENDPOINT

10월 17, 2025 15:54:29.10 NEW SESSION
10월 17, 2025 15:54:29.12 [13532:4844:1017/155429.106:ERROR:google_apis\gcm\engine\registration_request.cc:291] Registration response error message: QUOTA_EXCEEDED
10월 17, 2025 15:54:29.12 Created TensorFlow Lite XNNPACK delegate for CPU.
10월 17, 2025 15:55:32.25 Created TensorFlow Lite XNNPACK delegate for CPU.
10월 17, 2025 15:55:32.46 [7700:8128:1017/155532.466:ERROR:google_apis\gcm\engine\registration_request.cc:291] Registration response error message: DEPRECATED_ENDPOINT
10월 17, 2025 15:55:56.76 [7700:8128:1017/155556.765:ERROR:google_apis\gcm\engine\registration_request.cc:291] Registration response error message: DEPRECATED_ENDPOINT
10월 17, 2025 15:56:17.44 [7700:8128:1017/155617.442:ERROR:google_apis\gcm\engine\connection_factory_impl.cc:483] ConnectionHandler failed with net error: -2
10월 17, 2025 15:56:54.17 [7700:8128:1017/155654.176:ERROR:google_apis\gcm\engine\registration_request.cc:291] Registration response error message: QUOTA_EXCEEDED
10월 17, 2025 15:57:02.84 [7700:8128:1017/155702.847:ERROR:google_apis\gcm\engine\connection_factory_impl.cc:483] ConnectionHandler failed with net error: -2
10월 17, 2025 15:57:08.14 Created TensorFlow Lite XNNPACK delegate for CPU.
10월 17, 2025 15:57:08.32 [492:3372:1017/155708.325:ERROR:google_apis\gcm\engine\registration_request.cc:291] Registration response error message: QUOTA_EXCEEDED
10월 17, 2025 15:57:53.28 [492:3372:1017/155753.289:ERROR:google_apis\gcm\engine\connection_factory_impl.cc:483] ConnectionHandler failed with net error: -2
10월 17, 2025 15:58:38.52 [492:3372:1017/155838.521:ERROR:google_apis\gcm\engine\connection_factory_impl.cc:483] ConnectionHandler failed with net error: -2
10월 17, 2025 15:59:23.77 [492:3372:1017/155923.776:ERROR:google_apis\gcm\engine\connection_factory_impl.cc:483] ConnectionHandler failed with net error: -2
10월 17, 2025 16:00:09.00 [492:3372:1017/160009.002:ERROR:google_apis\gcm\engine\connection_factory_impl.cc:483] ConnectionHandler failed with net error: -2
10월 17, 2025 16:00:21.35 Created TensorFlow Lite XNNPACK delegate for CPU.
10월 17, 2025 16:00:21.55 [3972:8780:1017/160021.557:ERROR:google_apis\gcm\engine\registration_request.cc:291] Registration response error message: QUOTA_EXCEEDED
10월 17, 2025 16:01:06.54 [3972:8780:1017/160106.542:ERROR:google_apis\gcm\engine\connection_factory_impl.cc:483] ConnectionHandler failed with net error: -2
10월 17, 2025 16:01:51.83 [3972:8780:1017/160151.836:ERROR:google_apis\gcm\engine\connection_factory_impl.cc:483] ConnectionHandler failed with net error: -2
10월 17, 2025 16:02:37.19 [3972:8780:1017/160237.195:ERROR:google_apis\gcm\engine\connection_factory_impl.cc:483] ConnectionHandler failed with net error: -2
10월 17, 2025 16:03:22.45 [3972:8780:1017/160322.459:ERROR:google_apis\gcm\engine\connection_factory_impl.cc:483] ConnectionHandler failed with net error: -2
10월 17, 2025 16:04:39.37 Created TensorFlow Lite XNNPACK delegate for CPU.
10월 17, 2025 16:04:39.65 [15912:3456:1017/160439.652:ERROR:google_apis\gcm\engine\registration_request.cc:291] Registration response error message: QUOTA_EXCEEDED
10월 17, 2025 16:06:10.28 Created TensorFlow Lite XNNPACK delegate for CPU.
10월 17, 2025 16:06:10.48 [8608:2408:1017/160610.489:ERROR:google_apis\gcm\engine\registration_request.cc:291] Registration response error message: DEPRECATED_ENDPOINT
10월 17, 2025 16:06:23.30 Created TensorFlow Lite XNNPACK delegate for CPU.
10월 17, 2025 16:06:23.49 [4244:16320:1017/160623.493:ERROR:google_apis\gcm\engine\registration_request.cc:291] Registration response error message: QUOTA_EXCEEDED
10월 17, 2025 16:07:08.57 [4244:16320:1017/160708.576:ERROR:google_apis\gcm\engine\connection_factory_impl.cc:483] ConnectionHandler failed with net error: -2

10월 22, 2025 14:18:24.78 NEW SESSION
10월 22, 2025 14:18:24.79 Created TensorFlow Lite XNNPACK delegate for CPU.
10월 22, 2025 14:18:25.03 [10236:3132:1022/141825.032:ERROR:google_apis\gcm\engine\registration_request.cc:291] Registration response error message: DEPRECATED_ENDPOINT
10월 22, 2025 14:20:02.32 Created TensorFlow Lite XNNPACK delegate for CPU.
10월 22, 2025 14:20:02.60 [7812:4440:1022/142002.603:ERROR:google_apis\gcm\engine\registration_request.cc:291] Registration response error message: DEPRECATED_ENDPOINT
10월 22, 2025 14:20:28.87 [7812:4440:1022/142028.879:ERROR:google_apis\gcm\engine\registration_request.cc:291] Registration response error message: QUOTA_EXCEEDED
10월 22, 2025 14:20:52.73 Created TensorFlow Lite XNNPACK delegate for CPU.
10월 22, 2025 14:20:53.02 [14620:11784:1022/142053.020:ERROR:google_apis\gcm\engine\registration_request.cc:291] Registration response error message: DEPRECATED_ENDPOINT
10월 22, 2025 14:21:19.93 Created TensorFlow Lite XNNPACK delegate for CPU.
10월 22, 2025 14:21:20.13 [9940:6392:1022/142120.129:ERROR:google_apis\gcm\engine\registration_request.cc:291] Registration response error message: DEPRECATED_ENDPOINT
10월 22, 2025 14:21:42.23 [9940:6392:1022/142142.235:ERROR:google_apis\gcm\engine\registration_request.cc:291] Registration response error message: DEPRECATED_ENDPOINT
10월 22, 2025 14:22:40.07 [9940:6392:1022/142240.078:ERROR:google_apis\gcm\engine\registration_request.cc:291] Registration response error message: DEPRECATED_ENDPOINT
10월 22, 2025 14:24:41.14 Created TensorFlow Lite XNNPACK delegate for CPU.
10월 22, 2025 14:24:41.43 [15128:12340:1022/142441.436:ERROR:google_apis\gcm\engine\registration_request.cc:291] Registration response error message: DEPRECATED_ENDPOINT
10월 22, 2025 14:25:27.56 Created TensorFlow Lite XNNPACK delegate for CPU.
10월 22, 2025 14:25:27.78 [1516:14692:1022/142527.781:ERROR:google_apis\gcm\engine\registration_request.cc:291] Registration response error message: QUOTA_EXCEEDED
10월 22, 2025 14:25:54.85 Created TensorFlow Lite XNNPACK delegate for CPU.
10월 22, 2025 14:25:55.19 [14732:1948:1022/142555.193:ERROR:google_apis\gcm\engine\registration_request.cc:291] Registration response error message: QUOTA_EXCEEDED
10월 22, 2025 14:26:04.05 Created TensorFlow Lite XNNPACK delegate for CPU.
10월 22, 2025 14:26:04.32 [5372:4080:1022/142604.321:ERROR:google_apis\gcm\engine\registration_request.cc:291] Registration response error message: QUOTA_EXCEEDED
10월 22, 2025 14:26:28.38 Created TensorFlow Lite XNNPACK delegate for CPU.
10월 22, 2025 14:26:28.72 [6180:8544:1022/142628.720:ERROR:google_apis\gcm\engine\registration_request.cc:291] Registration response error message: QUOTA_EXCEEDED
10월 22, 2025 14:28:07.11 Created TensorFlow Lite XNNPACK delegate for CPU.
10월 22, 2025 14:28:07.32 [4608:8840:1022/142807.320:ERROR:google_apis\gcm\engine\registration_request.cc:291] Registration response error message: DEPRECATED_ENDPOINT
10월 22, 2025 14:32:18.04 Created TensorFlow Lite XNNPACK delegate for CPU.
10월 22, 2025 14:32:18.31 [14976:9420:1022/143218.312:ERROR:google_apis\gcm\engine\registration_request.cc:291] Registration response error message: QUOTA_EXCEEDED
10월 22, 2025 14:33:06.24 Created TensorFlow Lite XNNPACK delegate for CPU.

10월 22, 2025 15:29:51.71 NEW SESSION
10월 22, 2025 15:29:51.72 Created TensorFlow Lite XNNPACK delegate for CPU.
10월 22, 2025 15:29:51.95 [8420:14168:1022/152951.949:ERROR:google_apis\gcm\engine\registration_request.cc:291] Registration response error message: DEPRECATED_ENDPOINT
10월 22, 2025 15:31:01.36 Created TensorFlow Lite XNNPACK delegate for CPU.
10월 22, 2025 15:31:01.67 [7832:6876:1022/153101.673:ERROR:google_apis\gcm\engine\registration_request.cc:291] Registration response error message: DEPRECATED_ENDPOINT
10월 22, 2025 15:32:14.97 Created TensorFlow Lite XNNPACK delegate for CPU.
10월 22, 2025 15:32:15.30 [6756:14952:1022/153215.306:ERROR:google_apis\gcm\engine\registration_request.cc:291] Registration response error message: DEPRECATED_ENDPOINT

11월 12, 2025 14:05:42.08 NEW SESSION
11월 12, 2025 14:05:42.09 [16416:15816:1112/140542.081:ERROR:google_apis\gcm\engine\registration_request.cc:292] Registration response error message: DEPRECATED_ENDPOINT
11월 12, 2025 14:05:42.29 Created TensorFlow Lite XNNPACK delegate for CPU.

11월 26, 2025 14:15:39.24 NEW SESSION
11월 26, 2025 14:15:39.25 Created TensorFlow Lite XNNPACK delegate for CPU.
11월 26, 2025 14:15:48.17 [420:12180:1126/141548.176:ERROR:components\sync\engine\get_updates_processor.cc:267] PostClientToServerMessage() failed during GetUpdates with error Network error (ERR_ABORTED)
11월 26, 2025 14:16:09.71 Created TensorFlow Lite XNNPACK delegate for CPU.
11월 26, 2025 14:16:09.93 [20412:2072:1126/141609.930:ERROR:google_apis\gcm\engine\registration_request.cc:292] Registration response error message: DEPRECATED_ENDPOINT
11월 26, 2025 14:16:32.60 [20412:2072:1126/141632.601:ERROR:google_apis\gcm\engine\registration_request.cc:292] Registration response error message: QUOTA_EXCEEDED
11월 26, 2025 14:16:33.92 [20412:17104:1126/141633.923:ERROR:mojo\public\cpp\bindings\lib\interface_endpoint_client.cc:732] Message 1 rejected by interface blink.mojom.WidgetHost
